mode: atomic
_/Users/williamhuang/Projects/redactrus/redactrus/redactrus.go:20.40,21.32 1 2
_/Users/williamhuang/Projects/redactrus/redactrus/redactrus.go:24.2,24.25 1 1
_/Users/williamhuang/Projects/redactrus/redactrus/redactrus.go:21.32,23.3 1 1
_/Users/williamhuang/Projects/redactrus/redactrus/redactrus.go:30.52,31.45 1 2
_/Users/williamhuang/Projects/redactrus/redactrus/redactrus.go:34.2,34.31 1 1
_/Users/williamhuang/Projects/redactrus/redactrus/redactrus.go:31.45,33.3 1 1
_/Users/williamhuang/Projects/redactrus/redactrus/redactrus.go:38.44,39.47 1 0
_/Users/williamhuang/Projects/redactrus/redactrus/redactrus.go:57.2,57.12 1 0
_/Users/williamhuang/Projects/redactrus/redactrus/redactrus.go:39.47,41.17 2 0
_/Users/williamhuang/Projects/redactrus/redactrus/redactrus.go:44.3,44.28 1 0
_/Users/williamhuang/Projects/redactrus/redactrus/redactrus.go:41.17,43.4 1 0
_/Users/williamhuang/Projects/redactrus/redactrus/redactrus.go:44.28,45.25 1 0
_/Users/williamhuang/Projects/redactrus/redactrus/redactrus.go:50.4,50.36 1 0
_/Users/williamhuang/Projects/redactrus/redactrus/redactrus.go:45.25,47.13 2 0
_/Users/williamhuang/Projects/redactrus/redactrus/redactrus.go:51.24,53.13 2 0
